<?xml version="1.0" encoding="UTF-8"?>
<testsuite xmlns:xsi="http://www.w3.org/2001/XMLSchema-instance" xsi:noNamespaceSchemaLocation="https://maven.apache.org/surefire/maven-surefire-plugin/xsd/surefire-test-report.xsd" name="runner.Testrunner" time="65.779" tests="28" errors="4" skipped="0" failures="0">
  <properties>
    <property name="java.runtime.name" value="Java(TM) SE Runtime Environment"/>
    <property name="sun.boot.library.path" value="C:\Program Files\Java\jdk1.8.0_241\jre\bin"/>
    <property name="java.vm.version" value="25.241-b07"/>
    <property name="java.vm.vendor" value="Oracle Corporation"/>
    <property name="maven.multiModuleProjectDirectory" value="C:\Users\alejandro.rodriguezf\IdeaProjects\Cucumber_Selenium\Cucumber_Selenium\Cucumber_Selenium"/>
    <property name="java.vendor.url" value="http://java.oracle.com/"/>
    <property name="path.separator" value=";"/>
    <property name="guice.disable.misplaced.annotation.check" value="true"/>
    <property name="java.vm.name" value="Java HotSpot(TM) 64-Bit Server VM"/>
    <property name="file.encoding.pkg" value="sun.io"/>
    <property name="user.script" value=""/>
    <property name="user.country" value="ES"/>
    <property name="sun.java.launcher" value="SUN_STANDARD"/>
    <property name="sun.os.patch.level" value=""/>
    <property name="java.vm.specification.name" value="Java Virtual Machine Specification"/>
    <property name="user.dir" value="C:\Users\alejandro.rodriguezf\IdeaProjects\Cucumber_Selenium\Cucumber_Selenium\Cucumber_Selenium"/>
    <property name="java.runtime.version" value="1.8.0_241-b07"/>
    <property name="java.awt.graphicsenv" value="sun.awt.Win32GraphicsEnvironment"/>
    <property name="java.endorsed.dirs" value="C:\Program Files\Java\jdk1.8.0_241\jre\lib\endorsed"/>
    <property name="os.arch" value="amd64"/>
    <property name="java.io.tmpdir" value="C:\Users\ALEJAN~1.ROD\AppData\Local\Temp\"/>
    <property name="line.separator" value="&#10;"/>
    <property name="java.vm.specification.vendor" value="Oracle Corporation"/>
    <property name="user.variant" value=""/>
    <property name="os.name" value="Windows 10"/>
    <property name="classworlds.conf" value="C:\Program Files\maven\apache-maven-3.6.3\bin\..\bin\m2.conf"/>
    <property name="sun.jnu.encoding" value="Cp1252"/>
    <property name="java.library.path" value="C:\Program Files\Java\jdk1.8.0_241\bin;C:\WINDOWS\Sun\Java\bin;C:\WINDOWS\system32;C:\WINDOWS;C:\Program Files (x86)\Common Files\Oracle\Java\javapath;C:\WINDOWS\system32;C:\WINDOWS;C:\WINDOWS\System32\Wbem;C:\WINDOWS\System32\WindowsPowerShell\v1.0\;C:\WINDOWS\System32\OpenSSH\;C:\HashiCorp\Vagrant\bin;C:\Program Files\Java\jdk1.8.0_241\bin;C:\Program Files\Git\cmd;C:\Program Files\maven\apache-maven-3.6.3\bin;C:\Users\alejandro.rodriguezf\scoop\shims;C:\Users\alejandro.rodriguezf\AppData\Local\Microsoft\WindowsApps;;C:\Program Files\JetBrains\IntelliJ IDEA Community Edition 2019.1.2\bin;;."/>
    <property name="maven.conf" value="C:\Program Files\maven\apache-maven-3.6.3\bin\../conf"/>
    <property name="java.specification.name" value="Java Platform API Specification"/>
    <property name="java.class.version" value="52.0"/>
    <property name="sun.management.compiler" value="HotSpot 64-Bit Tiered Compilers"/>
    <property name="os.version" value="10.0"/>
    <property name="library.jansi.path" value="C:\Program Files\maven\apache-maven-3.6.3\bin\..\lib\jansi-native"/>
    <property name="user.home" value="C:\Users\alejandro.rodriguezf"/>
    <property name="user.timezone" value="Europe/Paris"/>
    <property name="java.awt.printerjob" value="sun.awt.windows.WPrinterJob"/>
    <property name="java.specification.version" value="1.8"/>
    <property name="file.encoding" value="Cp1252"/>
    <property name="user.name" value="alejandro.rodriguezf"/>
    <property name="java.class.path" value="C:\Program Files\maven\apache-maven-3.6.3\bin\..\boot\plexus-classworlds-2.6.0.jar"/>
    <property name="java.vm.specification.version" value="1.8"/>
    <property name="sun.arch.data.model" value="64"/>
    <property name="java.home" value="C:\Program Files\Java\jdk1.8.0_241\jre"/>
    <property name="sun.java.command" value="org.codehaus.plexus.classworlds.launcher.Launcher clean test"/>
    <property name="java.specification.vendor" value="Oracle Corporation"/>
    <property name="user.language" value="es"/>
    <property name="awt.toolkit" value="sun.awt.windows.WToolkit"/>
    <property name="java.vm.info" value="mixed mode"/>
    <property name="java.version" value="1.8.0_241"/>
    <property name="java.ext.dirs" value="C:\Program Files\Java\jdk1.8.0_241\jre\lib\ext;C:\WINDOWS\Sun\Java\lib\ext"/>
    <property name="sun.boot.class.path" value="C:\Program Files\Java\jdk1.8.0_241\jre\lib\resources.jar;C:\Program Files\Java\jdk1.8.0_241\jre\lib\rt.jar;C:\Program Files\Java\jdk1.8.0_241\jre\lib\sunrsasign.jar;C:\Program Files\Java\jdk1.8.0_241\jre\lib\jsse.jar;C:\Program Files\Java\jdk1.8.0_241\jre\lib\jce.jar;C:\Program Files\Java\jdk1.8.0_241\jre\lib\charsets.jar;C:\Program Files\Java\jdk1.8.0_241\jre\lib\jfr.jar;C:\Program Files\Java\jdk1.8.0_241\jre\classes"/>
    <property name="sun.stderr.encoding" value="cp850"/>
    <property name="java.vendor" value="Oracle Corporation"/>
    <property name="maven.home" value="C:\Program Files\maven\apache-maven-3.6.3\bin\.."/>
    <property name="file.separator" value="\"/>
    <property name="java.vendor.url.bug" value="http://bugreport.sun.com/bugreport/"/>
    <property name="sun.cpu.endian" value="little"/>
    <property name="sun.io.unicode.encoding" value="UnicodeLittle"/>
    <property name="sun.stdout.encoding" value="cp850"/>
    <property name="sun.desktop" value="windows"/>
    <property name="sun.cpu.isalist" value="amd64"/>
  </properties>
  <testcase name="Given User is on the website home page" classname="Scenario: Go to the login page to perform the log in process" time="0.006"/>
  <testcase name="When User clicks on the log in button" classname="Scenario: Go to the login page to perform the log in process" time="0.009"/>
  <testcase name="Then Website redirects user to the log in page" classname="Scenario: Go to the login page to perform the log in process" time="0.006"/>
  <testcase name="Scenario: Go to the login page to perform the log in process" classname="Scenario: Go to the login page to perform the log in process" time="1.581"/>
  <testcase name="Given User is on the website login page" classname="|  |  | Name is a required field. | Password is a required field. |" time="0.002"/>
  <testcase name="When User enters his username at username box &quot;&quot;" classname="|  |  | Name is a required field. | Password is a required field. |" time="0.003"/>
  <testcase name="And User enters his &quot;&quot; at password box" classname="|  |  | Name is a required field. | Password is a required field. |" time="0.004"/>
  <testcase name="And User clicks on the log in button at login page" classname="|  |  | Name is a required field. | Password is a required field. |" time="0.002"/>
  <testcase name="Then Website shows &quot;Name is a required field.&quot; and &quot;Password is a required field.&quot;" classname="|  |  | Name is a required field. | Password is a required field. |" time="0.002"/>
  <testcase name="|  |  | Name is a required field. | Password is a required field. |" classname="|  |  | Name is a required field. | Password is a required field. |" time="1.111"/>
  <testcase name="Given User is on the website login page" classname="| pe | Password15! | Name is a required field. |  |" time="0.003"/>
  <testcase name="When User enters his username at username box &quot;pe&quot;" classname="| pe | Password15! | Name is a required field. |  |" time="0.004"/>
  <testcase name="And User enters his &quot;Password15!&quot; at password box" classname="| pe | Password15! | Name is a required field. |  |" time="0.003"/>
  <testcase name="And User clicks on the log in button at login page" classname="| pe | Password15! | Name is a required field. |  |" time="0.002"/>
  <testcase name="Then Website shows &quot;Name is a required field.&quot; and &quot;&quot;" classname="| pe | Password15! | Name is a required field. |  |" time="0.011"/>
  <testcase name="| pe | Password15! | Name is a required field. |  |" classname="| pe | Password15! | Name is a required field. |  |" time="1.24"/>
  <testcase name="Given User is on the website login page" classname="| pep pon | Password15! | Name is a required field. |  |" time="0.003"/>
  <testcase name="When User enters his username at username box &quot;pep pon&quot;" classname="| pep pon | Password15! | Name is a required field. |  |" time="0.003"/>
  <testcase name="And User enters his &quot;Password15!&quot; at password box" classname="| pep pon | Password15! | Name is a required field. |  |" time="0.002"/>
  <testcase name="And User clicks on the log in button at login page" classname="| pep pon | Password15! | Name is a required field. |  |" time="0.002"/>
  <testcase name="Then Website shows &quot;Name is a required field.&quot; and &quot;&quot;" classname="| pep pon | Password15! | Name is a required field. |  |" time="0.01">
    <error message="No se pudo encontrar el elemento By.xpath: /html/body/div/div/section[3]/div/div[2]/div/form/div[1]/span[3]" type="java.lang.Exception">java.lang.Exception: No se pudo encontrar el elemento By.xpath: /html/body/div/div/section[3]/div/div[2]/div/form/div[1]/span[3]
</error>
  </testcase>
  <testcase name="| pep pon | Password15! | Name is a required field. |  |" classname="| pep pon | Password15! | Name is a required field. |  |" time="0.016">
    <error message="No se pudo encontrar el elemento By.xpath: /html/body/div/div/section[3]/div/div[2]/div/form/div[1]/span[3]" type="java.lang.Exception">java.lang.Exception: No se pudo encontrar el elemento By.xpath: /html/body/div/div/section[3]/div/div[2]/div/form/div[1]/span[3]
</error>
  </testcase>
  <testcase name="Given User is on the website login page" classname="| pep456789 | Password15! | Name is a required field. |  |" time="0.003"/>
  <testcase name="When User enters his username at username box &quot;pep456789&quot;" classname="| pep456789 | Password15! | Name is a required field. |  |" time="0.002"/>
  <testcase name="And User enters his &quot;Password15!&quot; at password box" classname="| pep456789 | Password15! | Name is a required field. |  |" time="0.003"/>
  <testcase name="And User clicks on the log in button at login page" classname="| pep456789 | Password15! | Name is a required field. |  |" time="0.002"/>
  <testcase name="Then Website shows &quot;Name is a required field.&quot; and &quot;&quot;" classname="| pep456789 | Password15! | Name is a required field. |  |" time="0.003">
    <error message="No se pudo encontrar el elemento By.xpath: /html/body/div/div/section[3]/div/div[2]/div/form/div[1]/span[3]" type="java.lang.Exception">java.lang.Exception: No se pudo encontrar el elemento By.xpath: /html/body/div/div/section[3]/div/div[2]/div/form/div[1]/span[3]
</error>
  </testcase>
  <testcase name="| pep456789 | Password15! | Name is a required field. |  |" classname="| pep456789 | Password15! | Name is a required field. |  |" time="0.009">
    <error message="No se pudo encontrar el elemento By.xpath: /html/body/div/div/section[3]/div/div[2]/div/form/div[1]/span[3]" type="java.lang.Exception">java.lang.Exception: No se pudo encontrar el elemento By.xpath: /html/body/div/div/section[3]/div/div[2]/div/form/div[1]/span[3]
</error>
  </testcase>
</testsuite>